<?xml version="1.0" encoding="UTF-8"?>
<!-- Generated by org.testng.reporters.JUnitReportReporter -->
<testsuite hostname="Harrys-HP" name="annotationsTest.AnnotationsTest" tests="2" failures="0" timestamp="5 Aug 2019 05:40:08 GMT" time="0.038" errors="0">
  <testcase name="login" time="0.031" classname="annotationsTest.AnnotationsTest"/>
  <testcase name="Registration" time="0.007" classname="annotationsTest.AnnotationsTest"/>
</testsuite> <!-- annotationsTest.AnnotationsTest -->
